INFO 2024-04-08 21:11:51,661 autoreload 6608 15460 Watching for file changes with StatReloader
INFO 2024-04-08 21:11:54,117 basehttp 6608 7116 "GET / HTTP/1.1" 200 11012
WARNING 2024-04-08 21:11:54,323 log 6608 7116 Not Found: /favicon.ico
WARNING 2024-04-08 21:11:54,323 basehttp 6608 7116 "GET /favicon.ico HTTP/1.1" 404 2111
WARNING 2024-04-08 21:11:58,412 log 6608 17212 Not Found: /favicon.ico
WARNING 2024-04-08 21:11:58,412 basehttp 6608 17212 "GET /favicon.ico HTTP/1.1" 404 2111
INFO 2024-04-08 21:15:14,338 autoreload 6608 15460 C:\Users\dmitr\OneDrive\Рабочий стол\recipesite\siteset\siteset\urls.py changed, reloading.
INFO 2024-04-08 21:15:14,677 autoreload 16084 14384 Watching for file changes with StatReloader
INFO 2024-04-08 21:17:43,319 autoreload 16084 14384 C:\Users\dmitr\OneDrive\Рабочий стол\recipesite\siteset\siteset\urls.py changed, reloading.
INFO 2024-04-08 21:17:43,670 autoreload 16180 8708 Watching for file changes with StatReloader
WARNING 2024-04-08 21:17:44,901 log 16180 13864 Not Found: /
WARNING 2024-04-08 21:17:44,901 basehttp 16180 13864 "GET / HTTP/1.1" 404 2276
WARNING 2024-04-08 21:17:45,079 log 16180 13864 Not Found: /favicon.ico
WARNING 2024-04-08 21:17:45,080 basehttp 16180 13864 "GET /favicon.ico HTTP/1.1" 404 2327
WARNING 2024-04-08 21:17:49,368 base 16180 13864 Session data corrupted
INFO 2024-04-08 21:17:49,375 basehttp 16180 13864 "GET /admin/ HTTP/1.1" 302 0
WARNING 2024-04-08 21:17:49,379 base 16180 13864 Session data corrupted
INFO 2024-04-08 21:17:49,403 basehttp 16180 13864 "GET /admin/login/?next=/admin/ HTTP/1.1" 200 4359
INFO 2024-04-08 21:17:49,587 basehttp 16180 12208 "GET /static/admin/css/dark_mode.css HTTP/1.1" 200 2682
INFO 2024-04-08 21:17:49,589 basehttp 16180 14696 "GET /static/admin/css/nav_sidebar.css HTTP/1.1" 200 2810
INFO 2024-04-08 21:17:49,590 basehttp 16180 13864 "GET /static/admin/css/base.css HTTP/1.1" 200 21544
INFO 2024-04-08 21:17:49,590 basehttp 16180 12208 "GET /static/admin/css/login.css HTTP/1.1" 200 958
INFO 2024-04-08 21:17:49,595 basehttp 16180 14696 "GET /static/admin/js/nav_sidebar.js HTTP/1.1" 200 3063
INFO 2024-04-08 21:17:49,595 basehttp 16180 12208 "GET /static/admin/js/theme.js HTTP/1.1" 200 1943
INFO 2024-04-08 21:17:49,595 basehttp 16180 13864 "GET /static/admin/css/responsive.css HTTP/1.1" 200 17905
WARNING 2024-04-08 21:17:50,110 base 16180 13864 Session data corrupted
INFO 2024-04-08 21:17:50,111 basehttp 16180 13864 "GET /admin/ HTTP/1.1" 302 0
WARNING 2024-04-08 21:17:50,116 base 16180 13864 Session data corrupted
INFO 2024-04-08 21:17:50,119 basehttp 16180 13864 "GET /admin/login/?next=/admin/ HTTP/1.1" 200 4359
WARNING 2024-04-08 21:17:52,434 base 16180 13864 Session data corrupted
INFO 2024-04-08 21:17:52,731 basehttp 16180 13864 "POST /admin/login/?next=/admin/ HTTP/1.1" 302 0
INFO 2024-04-08 21:17:52,756 basehttp 16180 13864 "GET /admin/ HTTP/1.1" 200 10489
INFO 2024-04-08 21:17:52,764 basehttp 16180 13864 "GET /static/admin/css/dashboard.css HTTP/1.1" 200 441
INFO 2024-04-08 21:17:52,770 basehttp 16180 13864 "GET /static/admin/img/icon-addlink.svg HTTP/1.1" 200 331
INFO 2024-04-08 21:17:52,770 basehttp 16180 14696 "GET /static/admin/img/icon-changelink.svg HTTP/1.1" 200 380
WARNING 2024-04-08 21:18:04,796 log 16180 14696 Not Found: /
WARNING 2024-04-08 21:18:04,796 basehttp 16180 14696 "GET / HTTP/1.1" 404 2276
INFO 2024-04-08 21:18:11,993 basehttp 16180 14696 "GET /recipedoc HTTP/1.1" 301 0
ERROR 2024-04-08 21:18:12,048 log 16180 13864 Internal Server Error: /recipedoc/
Traceback (most recent call last):
  File "C:\Users\dmitr\OneDrive\Рабочий стол\recipesite\venv\lib\site-packages\django\template\backends\django.py", line 61, in render
    return self.template.render(context)
  File "C:\Users\dmitr\OneDrive\Рабочий стол\recipesite\venv\lib\site-packages\django\template\base.py", line 171, in render
    return self._render(context)
  File "C:\Users\dmitr\OneDrive\Рабочий стол\recipesite\venv\lib\site-packages\django\template\base.py", line 163, in _render
    return self.nodelist.render(context)
  File "C:\Users\dmitr\OneDrive\Рабочий стол\recipesite\venv\lib\site-packages\django\template\base.py", line 1000, in render
    return SafeString("".join([node.render_annotated(context) for node in self]))
  File "C:\Users\dmitr\OneDrive\Рабочий стол\recipesite\venv\lib\site-packages\django\template\base.py", line 1000, in <listcomp>
    return SafeString("".join([node.render_annotated(context) for node in self]))
  File "C:\Users\dmitr\OneDrive\Рабочий стол\recipesite\venv\lib\site-packages\django\template\base.py", line 961, in render_annotated
    return self.render(context)
  File "C:\Users\dmitr\OneDrive\Рабочий стол\recipesite\venv\lib\site-packages\django\template\loader_tags.py", line 134, in render
    compiled_parent = self.get_parent(context)
  File "C:\Users\dmitr\OneDrive\Рабочий стол\recipesite\venv\lib\site-packages\django\template\loader_tags.py", line 131, in get_parent
    return self.find_template(parent, context)
  File "C:\Users\dmitr\OneDrive\Рабочий стол\recipesite\venv\lib\site-packages\django\template\loader_tags.py", line 109, in find_template
    template, origin = context.template.engine.find_template(
  File "C:\Users\dmitr\OneDrive\Рабочий стол\recipesite\venv\lib\site-packages\django\template\engine.py", line 163, in find_template
    raise TemplateDoesNotExist(name, tried=tried)
django.template.exceptions.TemplateDoesNotExist: base.html

The above exception was the direct cause of the following exception:

Traceback (most recent call last):
  File "C:\Users\dmitr\OneDrive\Рабочий стол\recipesite\venv\lib\site-packages\django\core\handlers\exception.py", line 55, in inner
    response = get_response(request)
  File "C:\Users\dmitr\OneDrive\Рабочий стол\recipesite\venv\lib\site-packages\django\core\handlers\base.py", line 220, in _get_response
    response = response.render()
  File "C:\Users\dmitr\OneDrive\Рабочий стол\recipesite\venv\lib\site-packages\django\template\response.py", line 114, in render
    self.content = self.rendered_content
  File "C:\Users\dmitr\OneDrive\Рабочий стол\recipesite\venv\lib\site-packages\django\template\response.py", line 92, in rendered_content
    return template.render(context, self._request)
  File "C:\Users\dmitr\OneDrive\Рабочий стол\recipesite\venv\lib\site-packages\django\template\backends\django.py", line 63, in render
    reraise(exc, self.backend)
  File "C:\Users\dmitr\OneDrive\Рабочий стол\recipesite\venv\lib\site-packages\django\template\backends\django.py", line 84, in reraise
    raise new from exc
django.template.exceptions.TemplateDoesNotExist: base.html
ERROR 2024-04-08 21:18:12,050 basehttp 16180 13864 "GET /recipedoc/ HTTP/1.1" 500 132299
INFO 2024-04-08 21:19:10,568 autoreload 16180 8708 C:\Users\dmitr\OneDrive\Рабочий стол\recipesite\siteset\siteset\settings.py changed, reloading.
INFO 2024-04-08 21:19:10,920 autoreload 13992 15864 Watching for file changes with StatReloader
WARNING 2024-04-08 21:19:13,764 log 13992 15356 Not Found: /
WARNING 2024-04-08 21:19:13,765 basehttp 13992 15356 "GET / HTTP/1.1" 404 2276
INFO 2024-04-08 21:19:24,243 basehttp 13992 15356 "GET /recipedoc/ HTTP/1.1" 200 2755
WARNING 2024-04-08 21:19:24,255 log 13992 15356 Not Found: /recipedoc/{% static 'recipe/css/style.css' %
WARNING 2024-04-08 21:19:24,255 basehttp 13992 15356 "GET /recipedoc/%7B%%20static%20'recipe/css/style.css'%20% HTTP/1.1" 404 3860
INFO 2024-04-08 21:19:24,292 basehttp 13992 14404 "GET /static/recipe/css/style.css HTTP/1.1" 200 8071
WARNING 2024-04-08 21:19:24,297 basehttp 13992 14404 "GET /static/recipe/images/logo.png HTTP/1.1" 404 1825
WARNING 2024-04-08 21:19:24,307 basehttp 13992 15356 "GET /static/recipe/images/main.ico HTTP/1.1" 404 1825
INFO 2024-04-08 21:19:30,120 basehttp 13992 9172 "GET /users/login/ HTTP/1.1" 200 3513
WARNING 2024-04-08 21:19:30,129 log 13992 9172 Not Found: /users/login/{% static 'recipe/css/style.css' %
WARNING 2024-04-08 21:19:30,130 basehttp 13992 9172 "GET /users/login/%7B%%20static%20'recipe/css/style.css'%20% HTTP/1.1" 404 4296
INFO 2024-04-08 21:19:32,100 basehttp 13992 9172 "POST /users/login/ HTTP/1.1" 302 0
WARNING 2024-04-08 21:19:32,106 log 13992 9172 Not Found: /accounts/profile/
WARNING 2024-04-08 21:19:32,106 basehttp 13992 9172 "GET /accounts/profile/ HTTP/1.1" 404 2345
WARNING 2024-04-08 21:19:40,375 log 13992 9172 Not Found: /users
WARNING 2024-04-08 21:19:40,376 basehttp 13992 9172 "GET /users HTTP/1.1" 404 2309
INFO 2024-04-08 21:19:47,745 basehttp 13992 9172 "GET /admin/ HTTP/1.1" 200 10542
WARNING 2024-04-08 21:19:47,876 basehttp 13992 9172 "GET /static/css/styles.css HTTP/1.1" 404 1801
INFO 2024-04-08 21:19:48,464 basehttp 13992 13240 "GET /admin/ HTTP/1.1" 200 10542
WARNING 2024-04-08 21:19:48,474 basehttp 13992 13240 "GET /static/css/styles.css HTTP/1.1" 404 1801
INFO 2024-04-08 21:20:13,146 basehttp 13992 4560 "GET /admin/recipedoc/category/add/ HTTP/1.1" 200 9887
INFO 2024-04-08 21:20:13,160 basehttp 13992 9604 "GET /static/admin/css/forms.css HTTP/1.1" 200 9090
INFO 2024-04-08 21:20:13,165 basehttp 13992 16308 "GET /static/admin/js/jquery.init.js HTTP/1.1" 200 347
INFO 2024-04-08 21:20:13,166 basehttp 13992 15320 "GET /static/admin/js/prepopulate.js HTTP/1.1" 200 1531
INFO 2024-04-08 21:20:13,169 basehttp 13992 9604 "GET /static/admin/js/core.js HTTP/1.1" 200 6208
WARNING 2024-04-08 21:20:13,170 basehttp 13992 4560 "GET /static/css/styles.css HTTP/1.1" 404 1801
INFO 2024-04-08 21:20:13,173 basehttp 13992 14012 "GET /admin/jsi18n/ HTTP/1.1" 200 17546
INFO 2024-04-08 21:20:13,173 basehttp 13992 15320 "GET /static/admin/js/prepopulate_init.js HTTP/1.1" 200 586
INFO 2024-04-08 21:20:13,175 basehttp 13992 16308 "GET /static/admin/css/widgets.css HTTP/1.1" 200 11800
INFO 2024-04-08 21:20:13,176 basehttp 13992 9604 "GET /static/admin/js/admin/RelatedObjectLookups.js HTTP/1.1" 200 9042
INFO 2024-04-08 21:20:13,177 basehttp 13992 16612 "GET /static/admin/js/actions.js HTTP/1.1" 200 8067
INFO 2024-04-08 21:20:13,177 basehttp 13992 15320 "GET /static/admin/js/urlify.js HTTP/1.1" 200 7887
INFO 2024-04-08 21:20:13,179 basehttp 13992 16076 "GET /static/admin/js/vendor/jquery/jquery.js HTTP/1.1" 200 285314
INFO 2024-04-08 21:20:13,180 basehttp 13992 14012 "GET /static/admin/js/vendor/xregexp/xregexp.js HTTP/1.1" 200 325171
INFO 2024-04-08 21:20:13,188 basehttp 13992 14012 "GET /static/admin/js/change_form.js HTTP/1.1" 200 606
INFO 2024-04-08 21:20:26,287 basehttp 13992 14012 "GET /admin/ HTTP/1.1" 200 10542
WARNING 2024-04-08 21:20:26,297 basehttp 13992 14012 "GET /static/css/styles.css HTTP/1.1" 404 1801
INFO 2024-04-08 21:20:29,488 basehttp 13992 16076 "POST /admin/logout/ HTTP/1.1" 200 3868
WARNING 2024-04-08 21:20:29,498 basehttp 13992 16076 "GET /static/css/styles.css HTTP/1.1" 404 1801
INFO 2024-04-08 21:20:32,399 basehttp 13992 15320 "GET /admin/ HTTP/1.1" 302 0
INFO 2024-04-08 21:20:32,406 basehttp 13992 15320 "GET /admin/login/?next=/admin/ HTTP/1.1" 200 4410
WARNING 2024-04-08 21:20:32,415 basehttp 13992 15320 "GET /static/css/styles.css HTTP/1.1" 404 1801
INFO 2024-04-08 21:20:36,367 basehttp 13992 16612 "POST /admin/login/?next=/admin/ HTTP/1.1" 302 0
INFO 2024-04-08 21:20:36,379 basehttp 13992 16612 "GET /admin/ HTTP/1.1" 200 10353
WARNING 2024-04-08 21:20:36,389 basehttp 13992 16612 "GET /static/css/styles.css HTTP/1.1" 404 1801
INFO 2024-04-08 21:20:36,393 basehttp 13992 9604 "GET /static/admin/img/icon-deletelink.svg HTTP/1.1" 200 392
INFO 2024-04-08 21:20:41,537 basehttp 13992 9604 "POST /admin/logout/ HTTP/1.1" 200 3868
WARNING 2024-04-08 21:20:41,546 basehttp 13992 9604 "GET /static/css/styles.css HTTP/1.1" 404 1801
WARNING 2024-04-08 21:20:50,861 log 13992 15236 Not Found: /favicon.ico
WARNING 2024-04-08 21:20:50,861 basehttp 13992 15236 "GET /favicon.ico HTTP/1.1" 404 2327
WARNING 2024-04-08 21:20:53,648 log 13992 5984 Not Found: /
WARNING 2024-04-08 21:20:53,648 basehttp 13992 5984 "GET / HTTP/1.1" 404 2276
WARNING 2024-04-08 21:20:53,816 log 13992 5984 Not Found: /favicon.ico
WARNING 2024-04-08 21:20:53,817 basehttp 13992 5984 "GET /favicon.ico HTTP/1.1" 404 2327
INFO 2024-04-08 21:21:19,692 autoreload 13992 15864 C:\Users\dmitr\OneDrive\Рабочий стол\recipesite\siteset\siteset\urls.py changed, reloading.
INFO 2024-04-08 21:21:20,047 autoreload 13848 15872 Watching for file changes with StatReloader
INFO 2024-04-08 21:21:23,194 basehttp 13848 13676 "GET / HTTP/1.1" 302 0
INFO 2024-04-08 21:21:23,224 basehttp 13848 13676 "GET /login/?next=/ HTTP/1.1" 200 4386
WARNING 2024-04-08 21:21:23,237 basehttp 13848 13676 "GET /static/css/styles.css HTTP/1.1" 404 1918
INFO 2024-04-08 21:21:25,246 basehttp 13848 16020 "POST /login/?next=/ HTTP/1.1" 302 0
INFO 2024-04-08 21:21:25,261 basehttp 13848 16020 "GET / HTTP/1.1" 200 10251
WARNING 2024-04-08 21:21:25,269 basehttp 13848 16020 "GET /static/css/styles.css HTTP/1.1" 404 1918
INFO 2024-04-08 21:21:29,487 basehttp 13848 15772 "GET /favicon.ico HTTP/1.1" 302 0
INFO 2024-04-08 21:21:29,494 basehttp 13848 15772 "GET /login/?next=/favicon.ico HTTP/1.1" 200 4408
INFO 2024-04-08 21:21:56,012 autoreload 13848 15872 C:\Users\dmitr\OneDrive\Рабочий стол\recipesite\siteset\siteset\urls.py changed, reloading.
INFO 2024-04-08 21:21:56,361 autoreload 15064 16068 Watching for file changes with StatReloader
INFO 2024-04-08 21:22:12,888 autoreload 15064 16068 C:\Users\dmitr\OneDrive\Рабочий стол\recipesite\siteset\siteset\urls.py changed, reloading.
INFO 2024-04-08 21:22:13,234 autoreload 876 17148 Watching for file changes with StatReloader
INFO 2024-04-08 21:22:15,918 basehttp 876 16512 "GET / HTTP/1.1" 200 10273
WARNING 2024-04-08 21:22:15,936 basehttp 876 16512 "GET /static/css/styles.css HTTP/1.1" 404 1918
WARNING 2024-04-08 21:22:16,085 log 876 17152 Not Found: /favicon.ico
WARNING 2024-04-08 21:22:16,086 basehttp 876 17152 "GET /favicon.ico HTTP/1.1" 404 4579
INFO 2024-04-08 21:22:18,298 basehttp 876 17152 "POST /logout/ HTTP/1.1" 200 3892
WARNING 2024-04-08 21:22:18,306 basehttp 876 17152 "GET /static/css/styles.css HTTP/1.1" 404 1918
INFO 2024-04-08 21:22:20,337 basehttp 876 14208 "GET / HTTP/1.1" 302 0
INFO 2024-04-08 21:22:20,348 basehttp 876 14208 "GET /login/?next=/ HTTP/1.1" 200 4428
WARNING 2024-04-08 21:22:20,357 basehttp 876 14208 "GET /static/css/styles.css HTTP/1.1" 404 1918
INFO 2024-04-08 21:22:22,398 basehttp 876 13944 "POST /login/?next=/ HTTP/1.1" 302 0
INFO 2024-04-08 21:22:22,409 basehttp 876 13944 "GET / HTTP/1.1" 200 10273
WARNING 2024-04-08 21:22:22,418 basehttp 876 13944 "GET /static/css/styles.css HTTP/1.1" 404 1918
INFO 2024-04-08 21:22:29,773 basehttp 876 14860 "GET /favicon.ico HTTP/1.1" 302 0
INFO 2024-04-08 21:22:29,780 basehttp 876 14860 "GET /login/?next=/favicon.ico HTTP/1.1" 200 4450
INFO 2024-04-08 21:23:42,277 autoreload 876 17148 C:\Users\dmitr\OneDrive\Рабочий стол\recipesite\siteset\siteset\settings.py changed, reloading.
INFO 2024-04-08 21:23:42,584 autoreload 496 12704 Watching for file changes with StatReloader
INFO 2024-04-08 21:23:53,932 autoreload 496 12704 C:\Users\dmitr\OneDrive\Рабочий стол\recipesite\siteset\siteset\settings.py changed, reloading.
INFO 2024-04-08 21:23:54,260 autoreload 17296 324 Watching for file changes with StatReloader
INFO 2024-04-08 21:24:08,632 autoreload 17296 324 C:\Users\dmitr\OneDrive\Рабочий стол\recipesite\siteset\siteset\settings.py changed, reloading.
INFO 2024-04-08 21:24:08,917 autoreload 8684 16796 Watching for file changes with StatReloader
INFO 2024-04-08 21:24:44,853 autoreload 17044 4920 Watching for file changes with StatReloader
INFO 2024-04-08 21:25:27,321 autoreload 13980 11540 Watching for file changes with StatReloader
INFO 2024-04-08 21:25:28,667 basehttp 13980 6420 "GET / HTTP/1.1" 200 20517
INFO 2024-04-08 21:25:28,686 basehttp 13980 5980 "GET /static/debug_toolbar/css/toolbar.css HTTP/1.1" 200 12621
INFO 2024-04-08 21:25:28,687 basehttp 13980 1452 "GET /static/debug_toolbar/js/toolbar.js HTTP/1.1" 200 13578
WARNING 2024-04-08 21:25:28,690 basehttp 13980 6420 "GET /static/css/styles.css HTTP/1.1" 404 1918
INFO 2024-04-08 21:25:28,692 basehttp 13980 1452 "GET /static/debug_toolbar/css/print.css HTTP/1.1" 200 43
INFO 2024-04-08 21:25:28,695 basehttp 13980 5980 "GET /static/debug_toolbar/js/utils.js HTTP/1.1" 200 4527
WARNING 2024-04-08 21:25:28,892 log 13980 5980 Not Found: /favicon.ico
WARNING 2024-04-08 21:25:28,893 basehttp 13980 5980 "GET /favicon.ico HTTP/1.1" 404 14807
INFO 2024-04-08 21:25:44,076 basehttp 13980 5980 "GET / HTTP/1.1" 200 20516
INFO 2024-04-08 21:25:44,144 basehttp 13980 1452 "GET /static/debug_toolbar/css/toolbar.css HTTP/1.1" 304 0
INFO 2024-04-08 21:25:44,145 basehttp 13980 14380 "GET /static/debug_toolbar/js/toolbar.js HTTP/1.1" 304 0
WARNING 2024-04-08 21:25:44,147 basehttp 13980 5980 "GET /static/css/styles.css HTTP/1.1" 404 1918
INFO 2024-04-08 21:25:44,164 basehttp 13980 14380 "GET /static/debug_toolbar/css/print.css HTTP/1.1" 304 0
INFO 2024-04-08 21:25:44,185 basehttp 13980 14380 "GET /static/debug_toolbar/js/utils.js HTTP/1.1" 304 0
INFO 2024-04-08 21:25:48,046 basehttp 13980 16804 "GET /favicon.ico HTTP/1.1" 302 0
INFO 2024-04-08 21:25:48,081 basehttp 13980 16804 "GET /login/?next=/favicon.ico HTTP/1.1" 200 14278
